<?xml version="1.0" encoding="UTF-8"?>
<!-- Generated by org.testng.reporters.JUnitReportReporter -->
<testsuite hostname="LAPTOP-KHHSQJ3Q" failures="0" tests="3" name="test.java.carritocompras.CC_Test" time="110.473" errors="0" timestamp="2023-01-09T13:17:57 BRT" skipped="0">
  <testcase classname="test.java.carritocompras.CC_Test" name="CC_QA_Automatizacion" time="32.270"/>
  <system-out/>
  <testcase classname="test.java.carritocompras.CC_Test" name="CC_QA_Automatizacion" time="43.358"/>
  <system-out/>
  <testcase classname="test.java.carritocompras.CC_Test" name="CC_QA_Automatizacion" time="34.845"/>
  <system-out/>
</testsuite> <!-- test.java.carritocompras.CC_Test -->
